No lib directory, assuming dev environment
HADOOP_CONF_DIR=/usr/local/hadoop/etc/hadoop
SLF4J: Class path contains multiple SLF4J bindings.
SLF4J: Found binding in [jar:file:/usr/local/hadoop-2.6.0/share/hadoop/common/lib/slf4j-log4j12-1.7.5.jar!/org/slf4j/impl/StaticLoggerBinder.class]
SLF4J: Found binding in [jar:file:/usr/local/giraph-1.1.0/giraph-core/target/giraph-1.1.0-for-hadoop-2.6.0-jar-with-dependencies.jar!/org/slf4j/impl/StaticLoggerBinder.class]
SLF4J: Found binding in [jar:file:/usr/local/giraph-1.1.0/giraph-examples/target/giraph-examples-1.1.0-for-hadoop-2.6.0-jar-with-dependencies.jar!/org/slf4j/impl/StaticLoggerBinder.class]
SLF4J: See http://www.slf4j.org/codes.html#multiple_bindings for an explanation.
SLF4J: Actual binding is of type [org.slf4j.impl.Log4jLoggerFactory]
16/06/03 14:14:04 WARN util.NativeCodeLoader: Unable to load native-hadoop library for your platform... using builtin-java classes where applicable
16/06/03 14:14:04 INFO utils.ConfigurationUtils: No edge input format specified. Ensure your InputFormat does not require one.
16/06/03 14:14:04 INFO utils.ConfigurationUtils: No edge output format specified. Ensure your OutputFormat does not require one.
16/06/03 14:14:05 INFO Configuration.deprecation: mapreduce.job.counters.limit is deprecated. Instead, use mapreduce.job.counters.max
16/06/03 14:14:05 INFO Configuration.deprecation: mapred.job.map.memory.mb is deprecated. Instead, use mapreduce.map.memory.mb
16/06/03 14:14:05 INFO Configuration.deprecation: mapred.job.reduce.memory.mb is deprecated. Instead, use mapreduce.reduce.memory.mb
16/06/03 14:14:05 INFO Configuration.deprecation: mapred.map.tasks.speculative.execution is deprecated. Instead, use mapreduce.map.speculative
16/06/03 14:14:05 INFO Configuration.deprecation: mapreduce.user.classpath.first is deprecated. Instead, use mapreduce.job.user.classpath.first
16/06/03 14:14:05 INFO Configuration.deprecation: mapred.map.max.attempts is deprecated. Instead, use mapreduce.map.maxattempts
16/06/03 14:14:05 INFO job.GiraphJob: run: Since checkpointing is disabled (default), do not allow any task retries (setting mapred.map.max.attempts = 0, old value = 4)
16/06/03 14:14:05 INFO Configuration.deprecation: mapred.job.tracker is deprecated. Instead, use mapreduce.jobtracker.address
16/06/03 14:14:05 INFO client.RMProxy: Connecting to ResourceManager at parcom01.cs.du.edu/130.253.8.34:8032
16/06/03 14:14:06 INFO mapreduce.JobSubmitter: number of splits:1
16/06/03 14:14:06 INFO mapreduce.JobSubmitter: Submitting tokens for job: job_1464524114349_0076
16/06/03 14:14:06 INFO impl.YarnClientImpl: Submitted application application_1464524114349_0076
16/06/03 14:14:07 INFO mapreduce.Job: The url to track the job: http://parcom01.cs.du.edu:8088/proxy/application_1464524114349_0076/
16/06/03 14:14:07 INFO job.GiraphJob: Tracking URL: http://parcom01.cs.du.edu:8088/proxy/application_1464524114349_0076/
16/06/03 14:14:07 INFO job.GiraphJob: Waiting for resources... Job will start only when it gets all 2 mappers
16/06/03 14:14:26 INFO job.HaltApplicationUtils$DefaultHaltInstructionsWriter: writeHaltInstructions: To halt after next superstep execute: 'bin/halt-application --zkServer parcom02.cs.du.edu:22181 --zkNode /_hadoopBsp/job_1464524114349_0076/_haltComputation'
16/06/03 14:14:26 INFO mapreduce.Job: Running job: job_1464524114349_0076
16/06/03 14:14:27 INFO mapreduce.Job: Job job_1464524114349_0076 running in uber mode : false
16/06/03 14:14:27 INFO mapreduce.Job:  map 100% reduce 0%
16/06/03 14:15:06 INFO mapreduce.Job: Job job_1464524114349_0076 failed with state FAILED due to: Task failed task_1464524114349_0076_m_000000
Job failed as tasks failed. failedMaps:1 failedReduces:0

16/06/03 14:15:06 INFO mapreduce.Job: Counters: 8
	Job Counters 
		Failed map tasks=1
		Launched map tasks=1
		Other local map tasks=1
		Total time spent by all maps in occupied slots (ms)=48888
		Total time spent by all reduces in occupied slots (ms)=0
		Total time spent by all map tasks (ms)=48888
		Total vcore-seconds taken by all map tasks=48888
		Total megabyte-seconds taken by all map tasks=50061312
