No lib directory, assuming dev environment
HADOOP_CONF_DIR=/usr/local/hadoop/etc/hadoop
SLF4J: Class path contains multiple SLF4J bindings.
SLF4J: Found binding in [jar:file:/usr/local/hadoop-2.6.0/share/hadoop/common/lib/slf4j-log4j12-1.7.5.jar!/org/slf4j/impl/StaticLoggerBinder.class]
SLF4J: Found binding in [jar:file:/usr/local/giraph-1.1.0/giraph-core/target/giraph-1.1.0-for-hadoop-2.6.0-jar-with-dependencies.jar!/org/slf4j/impl/StaticLoggerBinder.class]
SLF4J: Found binding in [jar:file:/usr/local/giraph-1.1.0/giraph-examples/target/giraph-examples-1.1.0-for-hadoop-2.6.0-jar-with-dependencies.jar!/org/slf4j/impl/StaticLoggerBinder.class]
SLF4J: See http://www.slf4j.org/codes.html#multiple_bindings for an explanation.
SLF4J: Actual binding is of type [org.slf4j.impl.Log4jLoggerFactory]
16/06/03 14:12:43 WARN util.NativeCodeLoader: Unable to load native-hadoop library for your platform... using builtin-java classes where applicable
16/06/03 14:12:43 INFO utils.ConfigurationUtils: No edge input format specified. Ensure your InputFormat does not require one.
16/06/03 14:12:43 INFO utils.ConfigurationUtils: No edge output format specified. Ensure your OutputFormat does not require one.
16/06/03 14:12:44 INFO Configuration.deprecation: mapreduce.job.counters.limit is deprecated. Instead, use mapreduce.job.counters.max
16/06/03 14:12:44 INFO Configuration.deprecation: mapred.job.map.memory.mb is deprecated. Instead, use mapreduce.map.memory.mb
16/06/03 14:12:44 INFO Configuration.deprecation: mapred.job.reduce.memory.mb is deprecated. Instead, use mapreduce.reduce.memory.mb
16/06/03 14:12:44 INFO Configuration.deprecation: mapred.map.tasks.speculative.execution is deprecated. Instead, use mapreduce.map.speculative
16/06/03 14:12:44 INFO Configuration.deprecation: mapreduce.user.classpath.first is deprecated. Instead, use mapreduce.job.user.classpath.first
16/06/03 14:12:44 INFO Configuration.deprecation: mapred.map.max.attempts is deprecated. Instead, use mapreduce.map.maxattempts
16/06/03 14:12:44 INFO job.GiraphJob: run: Since checkpointing is disabled (default), do not allow any task retries (setting mapred.map.max.attempts = 0, old value = 4)
16/06/03 14:12:44 INFO Configuration.deprecation: mapred.job.tracker is deprecated. Instead, use mapreduce.jobtracker.address
16/06/03 14:12:44 INFO client.RMProxy: Connecting to ResourceManager at parcom01.cs.du.edu/130.253.8.34:8032
16/06/03 14:12:45 INFO mapreduce.JobSubmitter: number of splits:1
16/06/03 14:12:45 INFO mapreduce.JobSubmitter: Submitting tokens for job: job_1464524114349_0075
16/06/03 14:12:45 INFO impl.YarnClientImpl: Submitted application application_1464524114349_0075
16/06/03 14:12:45 INFO mapreduce.Job: The url to track the job: http://parcom01.cs.du.edu:8088/proxy/application_1464524114349_0075/
16/06/03 14:12:45 INFO job.GiraphJob: Tracking URL: http://parcom01.cs.du.edu:8088/proxy/application_1464524114349_0075/
16/06/03 14:12:45 INFO job.GiraphJob: Waiting for resources... Job will start only when it gets all 2 mappers
16/06/03 14:13:02 INFO job.HaltApplicationUtils$DefaultHaltInstructionsWriter: writeHaltInstructions: To halt after next superstep execute: 'bin/halt-application --zkServer parcom02.cs.du.edu:22181 --zkNode /_hadoopBsp/job_1464524114349_0075/_haltComputation'
16/06/03 14:13:02 INFO mapreduce.Job: Running job: job_1464524114349_0075
16/06/03 14:13:03 INFO mapreduce.Job: Job job_1464524114349_0075 running in uber mode : false
16/06/03 14:13:03 INFO mapreduce.Job:  map 100% reduce 0%
16/06/03 14:13:13 INFO mapreduce.Job: Job job_1464524114349_0075 completed successfully
16/06/03 14:13:13 INFO mapreduce.Job: Counters: 53
	File System Counters
		FILE: Number of bytes read=0
		FILE: Number of bytes written=108728
		FILE: Number of read operations=0
		FILE: Number of large read operations=0
		FILE: Number of write operations=0
		HDFS: Number of bytes read=156
		HDFS: Number of bytes written=30
		HDFS: Number of read operations=17
		HDFS: Number of large read operations=0
		HDFS: Number of write operations=9
	Job Counters 
		Launched map tasks=1
		Other local map tasks=1
		Total time spent by all maps in occupied slots (ms)=19363
		Total time spent by all reduces in occupied slots (ms)=0
		Total time spent by all map tasks (ms)=19363
		Total vcore-seconds taken by all map tasks=19363
		Total megabyte-seconds taken by all map tasks=19827712
	Map-Reduce Framework
		Map input records=1
		Map output records=0
		Input split bytes=44
		Spilled Records=0
		Failed Shuffles=0
		Merged Map outputs=0
		GC time elapsed (ms)=92
		CPU time spent (ms)=4630
		Physical memory (bytes) snapshot=192536576
		Virtual memory (bytes) snapshot=743247872
		Total committed heap usage (bytes)=139984896
	Giraph Stats
		Aggregate edges=12
		Aggregate finished vertices=5
		Aggregate sent message message bytes=267
		Aggregate sent messages=12
		Aggregate vertices=5
		Current master task partition=0
		Current workers=1
		Last checkpointed superstep=0
		Sent message bytes=0
		Sent messages=0
		Superstep=4
	Giraph Timers
		Initialize (ms)=400
		Input superstep (ms)=265
		Setup (ms)=65
		Shutdown (ms)=8977
		Superstep 0 SimpleShortestPathsComputation (ms)=118
		Superstep 1 SimpleShortestPathsComputation (ms)=119
		Superstep 2 SimpleShortestPathsComputation (ms)=102
		Superstep 3 SimpleShortestPathsComputation (ms)=88
		Total (ms)=9740
	Zookeeper base path
		/_hadoopBsp/job_1464524114349_0075=0
	Zookeeper halt node
		/_hadoopBsp/job_1464524114349_0075/_haltComputation=0
	Zookeeper server:port
		parcom02.cs.du.edu:22181=0
	File Input Format Counters 
		Bytes Read=0
	File Output Format Counters 
		Bytes Written=0
